<?xml version="1.0" encoding="UTF-8"?>
<!-- Generated by org.testng.reporters.JUnitReportReporter -->
<testsuite hostname="DESKTOP-IRDI2KI" failures="0" tests="1" name="com.obsqura.tests.LoginTest" time="7.811" errors="0" timestamp="2023-09-06T23:49:29 IST" skipped="0">
  <testcase classname="com.obsqura.tests.LoginTest" name="MyLoginTest" time="7.811"/>
</testsuite> <!-- com.obsqura.tests.LoginTest -->
