<?xml version="1.0" encoding="UTF-8"?>
<!-- Generated by org.testng.reporters.JUnitReportReporter -->
<testsuite hostname="DESKTOP-IRDI2KI" failures="0" tests="1" name="com.obsqura.tests.CreateDeliveryBoy" time="11.132" errors="0" timestamp="2023-09-06T23:26:46 IST" skipped="0">
  <testcase classname="com.obsqura.tests.CreateDeliveryBoy" name="CreateDeliveryBoyTest" time="11.132"/>
</testsuite> <!-- com.obsqura.tests.CreateDeliveryBoy -->
