<?xml version="1.0" encoding="UTF-8"?>
<!-- Generated by org.testng.reporters.JUnitReportReporter -->
<testsuite hostname="DESKTOP-IRDI2KI" failures="0" tests="1" name="com.obsqura.tests.CreateandDeleteExpense" time="11.327" errors="0" timestamp="2023-08-31T21:05:20 IST" skipped="0">
  <testcase classname="com.obsqura.tests.CreateandDeleteExpense" name="MyCreateDeleteExpense" time="11.327"/>
</testsuite> <!-- com.obsqura.tests.CreateandDeleteExpense -->
