<?xml version="1.0" encoding="UTF-8"?>
<!-- Generated by org.testng.reporters.JUnitReportReporter -->
<testsuite hostname="DESKTOP-IRDI2KI" failures="0" tests="1" name="com.obsqura.tests.LoginTest" time="4.883" errors="0" timestamp="2023-08-31T21:05:20 IST" skipped="0">
  <testcase classname="com.obsqura.tests.LoginTest" name="MyLoginTest" time="4.883"/>
</testsuite> <!-- com.obsqura.tests.LoginTest -->
